# JRE version: OpenJDK Runtime Environment Temurin-21.0.10+7 (21.0.10+7) (build 21.0.10+7-LTS)
# Java VM: OpenJDK 64-Bit Server VM Temurin-21.0.10+7 (21.0.10+7-LTS, mixed mode, sharing, tiered, compressed oops, compressed class ptrs, parallel gc, windows-amd64)
GC Precious Log:
 CardTable entry size: 512
 CPUs: 4 total, 4 available
 Memory: 3979M
 Large Page Support: Disabled
 NUMA Support: Disabled
 Compressed Oops: Enabled (32-bit)
 Alignments: Space 512K, Generation 512K, Heap 2M
 Heap Min Capacity: 100M
 Heap Initial Capacity: 100M
 Heap Max Capacity: 2G
 Pre-touch: Disabled
 Parallel Workers: 4
Heap:
 PSYoungGen      total 52224K, used 8065K [0x00000000d5580000, 0x00000000d9100000, 0x0000000100000000)
  eden space 45056K, 2% used [0x00000000d5580000,0x00000000d56b50f0,0x00000000d8180000)
  from space 7168K, 95% used [0x00000000d8a00000,0x00000000d90ab4b8,0x00000000d9100000)
  to   space 7168K, 0% used [0x00000000d8300000,0x00000000d8300000,0x00000000d8a00000)
 ParOldGen       total 1077760K, used 594507K [0x0000000080000000, 0x00000000c1c80000, 0x00000000d5580000)
  object space 1077760K, 55% used [0x0000000080000000,0x00000000a4492e58,0x00000000c1c80000)
 Metaspace       used 83533K, committed 85376K, reserved 1179648K
  class space    used 8431K, committed 9216K, reserved 1048576K
GC Heap History (20 events):
Event: 3013.581 GC heap before
{Heap before GC invocations=2414 (full 4):
 PSYoungGen      total 41472K, used 41456K [0x00000000d5580000, 0x00000000d9180000, 0x0000000100000000)
  eden space 38400K, 100% used [0x00000000d5580000,0x00000000d7b00000,0x00000000d7b00000)
  from space 3072K, 99% used [0x00000000d7b00000,0x00000000d7dfc008,0x00000000d7e00000)
  to   space 7680K, 0% used [0x00000000d8a00000,0x00000000d8a00000,0x00000000d9180000)
 ParOldGen       total 1077760K, used 570404K [0x0000000080000000, 0x00000000c1c80000, 0x00000000d5580000)
  object space 1077760K, 52% used [0x0000000080000000,0x00000000a2d09320,0x00000000c1c80000)
 Metaspace       used 83326K, committed 85056K, reserved 1179648K
  class space    used 8428K, committed 9216K, reserved 1048576K
}
Event: 3013.602 GC heap after
{Heap after GC invocations=2414 (full 4):
 PSYoungGen      total 49152K, used 3048K [0x00000000d5580000, 0x00000000d8d00000, 0x0000000100000000)
  eden space 46080K, 0% used [0x00000000d5580000,0x00000000d5580000,0x00000000d8280000)
  from space 3072K, 99% used [0x00000000d8a00000,0x00000000d8cfa118,0x00000000d8d00000)
  to   space 4608K, 0% used [0x00000000d8400000,0x00000000d8400000,0x00000000d8880000)
 ParOldGen       total 1077760K, used 573318K [0x0000000080000000, 0x00000000c1c80000, 0x00000000d5580000)
  object space 1077760K, 53% used [0x0000000080000000,0x00000000a2fe1b48,0x00000000c1c80000)
 Metaspace       used 83326K, committed 85056K, reserved 1179648K
  class space    used 8428K, committed 9216K, reserved 1048576K
}
Event: 3014.708 GC heap before
{Heap before GC invocations=2415 (full 4):
 PSYoungGen      total 49152K, used 49128K [0x00000000d5580000, 0x00000000d8d00000, 0x0000000100000000)
  eden space 46080K, 100% used [0x00000000d5580000,0x00000000d8280000,0x00000000d8280000)
  from space 3072K, 99% used [0x00000000d8a00000,0x00000000d8cfa118,0x00000000d8d00000)
  to   space 4608K, 0% used [0x00000000d8400000,0x00000000d8400000,0x00000000d8880000)
 ParOldGen       total 1077760K, used 573318K [0x0000000080000000, 0x00000000c1c80000, 0x00000000d5580000)
  object space 1077760K, 53% used [0x0000000080000000,0x00000000a2fe1b48,0x00000000c1c80000)
 Metaspace       used 83335K, committed 85120K, reserved 1179648K
  class space    used 8428K, committed 9216K, reserved 1048576K
}
Event: 3014.733 GC heap after
{Heap after GC invocations=2415 (full 4):
 PSYoungGen      total 47616K, used 2075K [0x00000000d5580000, 0x00000000d8a80000, 0x0000000100000000)
  eden space 45056K, 0% used [0x00000000d5580000,0x00000000d5580000,0x00000000d8180000)
  from space 2560K, 81% used [0x00000000d8400000,0x00000000d8606c08,0x00000000d8680000)
  to   space 3072K, 0% used [0x00000000d8780000,0x00000000d8780000,0x00000000d8a80000)
 ParOldGen       total 1077760K, used 575587K [0x0000000080000000, 0x00000000c1c80000, 0x00000000d5580000)
  object space 1077760K, 53% used [0x0000000080000000,0x00000000a3218da8,0x00000000c1c80000)
 Metaspace       used 83335K, committed 85120K, reserved 1179648K
  class space    used 8428K, committed 9216K, reserved 1048576K
}
Event: 3015.773 GC heap before
{Heap before GC invocations=2416 (full 4):
 PSYoungGen      total 47616K, used 47131K [0x00000000d5580000, 0x00000000d8a80000, 0x0000000100000000)
  eden space 45056K, 100% used [0x00000000d5580000,0x00000000d8180000,0x00000000d8180000)
  from space 2560K, 81% used [0x00000000d8400000,0x00000000d8606c08,0x00000000d8680000)
  to   space 3072K, 0% used [0x00000000d8780000,0x00000000d8780000,0x00000000d8a80000)
 ParOldGen       total 1077760K, used 575587K [0x0000000080000000, 0x00000000c1c80000, 0x00000000d5580000)
  object space 1077760K, 53% used [0x0000000080000000,0x00000000a3218da8,0x00000000c1c80000)
 Metaspace       used 83416K, committed 85184K, reserved 1179648K
  class space    used 8429K, committed 9216K, reserved 1048576K
}
Event: 3015.783 GC heap after
{Heap after GC invocations=2416 (full 4):
 PSYoungGen      total 45568K, used 1376K [0x00000000d5580000, 0x00000000d8900000, 0x0000000100000000)
  eden space 44032K, 0% used [0x00000000d5580000,0x00000000d5580000,0x00000000d8080000)
  from space 1536K, 89% used [0x00000000d8780000,0x00000000d88d8000,0x00000000d8900000)
  to   space 2048K, 0% used [0x00000000d8500000,0x00000000d8500000,0x00000000d8700000)
 ParOldGen       total 1077760K, used 576279K [0x0000000080000000, 0x00000000c1c80000, 0x00000000d5580000)
  object space 1077760K, 53% used [0x0000000080000000,0x00000000a32c5d40,0x00000000c1c80000)
 Metaspace       used 83416K, committed 85184K, reserved 1179648K
  class space    used 8429K, committed 9216K, reserved 1048576K
}
Event: 3016.368 GC heap before
{Heap before GC invocations=2417 (full 4):
 PSYoungGen      total 45568K, used 45408K [0x00000000d5580000, 0x00000000d8900000, 0x0000000100000000)
  eden space 44032K, 100% used [0x00000000d5580000,0x00000000d8080000,0x00000000d8080000)
  from space 1536K, 89% used [0x00000000d8780000,0x00000000d88d8000,0x00000000d8900000)
  to   space 2048K, 0% used [0x00000000d8500000,0x00000000d8500000,0x00000000d8700000)
 ParOldGen       total 1077760K, used 576279K [0x0000000080000000, 0x00000000c1c80000, 0x00000000d5580000)
  object space 1077760K, 53% used [0x0000000080000000,0x00000000a32c5d40,0x00000000c1c80000)
 Metaspace       used 83426K, committed 85184K, reserved 1179648K
  class space    used 8429K, committed 9216K, reserved 1048576K
}
Event: 3016.412 GC heap after
{Heap after GC invocations=2417 (full 4):
 PSYoungGen      total 44544K, used 1344K [0x00000000d5580000, 0x00000000d8800000, 0x0000000100000000)
  eden space 43008K, 0% used [0x00000000d5580000,0x00000000d5580000,0x00000000d7f80000)
  from space 1536K, 87% used [0x00000000d8500000,0x00000000d8650288,0x00000000d8680000)
  to   space 1536K, 0% used [0x00000000d8680000,0x00000000d8680000,0x00000000d8800000)
 ParOldGen       total 1077760K, used 577213K [0x0000000080000000, 0x00000000c1c80000, 0x00000000d5580000)
  object space 1077760K, 53% used [0x0000000080000000,0x00000000a33af4e0,0x00000000c1c80000)
 Metaspace       used 83426K, committed 85184K, reserved 1179648K
  class space    used 8429K, committed 9216K, reserved 1048576K
}
Event: 3016.920 GC heap before
{Heap before GC invocations=2418 (full 4):
 PSYoungGen      total 44544K, used 44352K [0x00000000d5580000, 0x00000000d8800000, 0x0000000100000000)
  eden space 43008K, 100% used [0x00000000d5580000,0x00000000d7f80000,0x00000000d7f80000)
  from space 1536K, 87% used [0x00000000d8500000,0x00000000d8650288,0x00000000d8680000)
  to   space 1536K, 0% used [0x00000000d8680000,0x00000000d8680000,0x00000000d8800000)
 ParOldGen       total 1077760K, used 577213K [0x0000000080000000, 0x00000000c1c80000, 0x00000000d5580000)
  object space 1077760K, 53% used [0x0000000080000000,0x00000000a33af4e0,0x00000000c1c80000)
 Metaspace       used 83439K, committed 85184K, reserved 1179648K
  class space    used 8429K, committed 9216K, reserved 1048576K
}
Event: 3017.018 GC heap after
{Heap after GC invocations=2418 (full 4):
 PSYoungGen      total 43520K, used 1516K [0x00000000d5580000, 0x00000000d8b80000, 0x0000000100000000)
  eden space 41984K, 0% used [0x00000000d5580000,0x00000000d5580000,0x00000000d7e80000)
  from space 1536K, 98% used [0x00000000d8680000,0x00000000d87fb008,0x00000000d8800000)
  to   space 6656K, 0% used [0x00000000d7e80000,0x00000000d7e80000,0x00000000d8500000)
 ParOldGen       total 1077760K, used 581407K [0x0000000080000000, 0x00000000c1c80000, 0x00000000d5580000)
  object space 1077760K, 53% used [0x0000000080000000,0x00000000a37c7db8,0x00000000c1c80000)
 Metaspace       used 83439K, committed 85184K, reserved 1179648K
  class space    used 8429K, committed 9216K, reserved 1048576K
}
Event: 3018.733 GC heap before
{Heap before GC invocations=2419 (full 4):
 PSYoungGen      total 43520K, used 43500K [0x00000000d5580000, 0x00000000d8b80000, 0x0000000100000000)
  eden space 41984K, 100% used [0x00000000d5580000,0x00000000d7e80000,0x00000000d7e80000)
  from space 1536K, 98% used [0x00000000d8680000,0x00000000d87fb008,0x00000000d8800000)
  to   space 6656K, 0% used [0x00000000d7e80000,0x00000000d7e80000,0x00000000d8500000)
 ParOldGen       total 1077760K, used 581407K [0x0000000080000000, 0x00000000c1c80000, 0x00000000d5580000)
  object space 1077760K, 53% used [0x0000000080000000,0x00000000a37c7db8,0x00000000c1c80000)
 Metaspace       used 83442K, committed 85184K, reserved 1179648K
  class space    used 8429K, committed 9216K, reserved 1048576K
}
Event: 3018.822 GC heap after
{Heap after GC invocations=2419 (full 4):
 PSYoungGen      total 44032K, used 2582K [0x00000000d5580000, 0x00000000d8700000, 0x0000000100000000)
  eden space 40960K, 0% used [0x00000000d5580000,0x00000000d5580000,0x00000000d7d80000)
  from space 3072K, 84% used [0x00000000d7e80000,0x00000000d8105a00,0x00000000d8180000)
  to   space 4096K, 0% used [0x00000000d8300000,0x00000000d8300000,0x00000000d8700000)
 ParOldGen       total 1077760K, used 582399K [0x0000000080000000, 0x00000000c1c80000, 0x00000000d5580000)
  object space 1077760K, 54% used [0x0000000080000000,0x00000000a38bfdb8,0x00000000c1c80000)
 Metaspace       used 83442K, committed 85184K, reserved 1179648K
  class space    used 8429K, committed 9216K, reserved 1048576K
}
Event: 3019.782 GC heap before
{Heap before GC invocations=2420 (full 4):
 PSYoungGen      total 44032K, used 43542K [0x00000000d5580000, 0x00000000d8700000, 0x0000000100000000)
  eden space 40960K, 100% used [0x00000000d5580000,0x00000000d7d80000,0x00000000d7d80000)
  from space 3072K, 84% used [0x00000000d7e80000,0x00000000d8105a00,0x00000000d8180000)
  to   space 4096K, 0% used [0x00000000d8300000,0x00000000d8300000,0x00000000d8700000)
 ParOldGen       total 1077760K, used 582399K [0x0000000080000000, 0x00000000c1c80000, 0x00000000d5580000)
  object space 1077760K, 54% used [0x0000000080000000,0x00000000a38bfdb8,0x00000000c1c80000)
 Metaspace       used 83442K, committed 85184K, reserved 1179648K
  class space    used 8429K, committed 9216K, reserved 1048576K
}
Event: 3019.805 GC heap after
{Heap after GC invocations=2420 (full 4):
 PSYoungGen      total 42496K, used 2277K [0x00000000d5580000, 0x00000000d8580000, 0x0000000100000000)
  eden space 39936K, 0% used [0x00000000d5580000,0x00000000d5580000,0x00000000d7c80000)
  from space 2560K, 88% used [0x00000000d8300000,0x00000000d8539660,0x00000000d8580000)
  to   space 3072K, 0% used [0x00000000d7f80000,0x00000000d7f80000,0x00000000d8280000)
 ParOldGen       total 1077760K, used 584840K [0x0000000080000000, 0x00000000c1c80000, 0x00000000d5580000)
  object space 1077760K, 54% used [0x0000000080000000,0x00000000a3b22230,0x00000000c1c80000)
 Metaspace       used 83442K, committed 85184K, reserved 1179648K
  class space    used 8429K, committed 9216K, reserved 1048576K
}
Event: 3020.206 GC heap before
{Heap before GC invocations=2421 (full 4):
 PSYoungGen      total 42496K, used 42213K [0x00000000d5580000, 0x00000000d8580000, 0x0000000100000000)
  eden space 39936K, 100% used [0x00000000d5580000,0x00000000d7c80000,0x00000000d7c80000)
  from space 2560K, 88% used [0x00000000d8300000,0x00000000d8539660,0x00000000d8580000)
  to   space 3072K, 0% used [0x00000000d7f80000,0x00000000d7f80000,0x00000000d8280000)
 ParOldGen       total 1077760K, used 584840K [0x0000000080000000, 0x00000000c1c80000, 0x00000000d5580000)
  object space 1077760K, 54% used [0x0000000080000000,0x00000000a3b22230,0x00000000c1c80000)
 Metaspace       used 83442K, committed 85184K, reserved 1179648K
  class space    used 8429K, committed 9216K, reserved 1048576K
}
Event: 3021.557 GC heap after
{Heap after GC invocations=2421 (full 4):
 PSYoungGen      total 46080K, used 1559K [0x00000000d5580000, 0x00000000d8880000, 0x0000000100000000)
  eden space 43008K, 0% used [0x00000000d5580000,0x00000000d5580000,0x00000000d7f80000)
  from space 3072K, 50% used [0x00000000d7f80000,0x00000000d8105c88,0x00000000d8280000)
  to   space 2048K, 0% used [0x00000000d8680000,0x00000000d8680000,0x00000000d8880000)
 ParOldGen       total 1077760K, used 587014K [0x0000000080000000, 0x00000000c1c80000, 0x00000000d5580000)
  object space 1077760K, 54% used [0x0000000080000000,0x00000000a3d41b70,0x00000000c1c80000)
 Metaspace       used 83442K, committed 85184K, reserved 1179648K
  class space    used 8429K, committed 9216K, reserved 1048576K
}
Event: 3021.916 GC heap before
{Heap before GC invocations=2422 (full 4):
 PSYoungGen      total 46080K, used 44567K [0x00000000d5580000, 0x00000000d8880000, 0x0000000100000000)
  eden space 43008K, 100% used [0x00000000d5580000,0x00000000d7f80000,0x00000000d7f80000)
  from space 3072K, 50% used [0x00000000d7f80000,0x00000000d8105c88,0x00000000d8280000)
  to   space 2048K, 0% used [0x00000000d8680000,0x00000000d8680000,0x00000000d8880000)
 ParOldGen       total 1077760K, used 587014K [0x0000000080000000, 0x00000000c1c80000, 0x00000000d5580000)
  object space 1077760K, 54% used [0x0000000080000000,0x00000000a3d41b70,0x00000000c1c80000)
 Metaspace       used 83442K, committed 85184K, reserved 1179648K
  class space    used 8429K, committed 9216K, reserved 1048576K
}
Event: 3021.980 GC heap after
{Heap after GC invocations=2422 (full 4):
 PSYoungGen      total 49664K, used 1978K [0x00000000d5580000, 0x00000000d8d00000, 0x0000000100000000)
  eden space 47616K, 0% used [0x00000000d5580000,0x00000000d5580000,0x00000000d8400000)
  from space 2048K, 96% used [0x00000000d8680000,0x00000000d886eab8,0x00000000d8880000)
  to   space 2560K, 0% used [0x00000000d8400000,0x00000000d8400000,0x00000000d8680000)
 ParOldGen       total 1077760K, used 588505K [0x0000000080000000, 0x00000000c1c80000, 0x00000000d5580000)
  object space 1077760K, 54% used [0x0000000080000000,0x00000000a3eb6458,0x00000000c1c80000)
 Metaspace       used 83442K, committed 85184K, reserved 1179648K
  class space    used 8429K, committed 9216K, reserved 1048576K
}
Event: 3022.941 GC heap before
{Heap before GC invocations=2423 (full 4):
 PSYoungGen      total 49664K, used 49594K [0x00000000d5580000, 0x00000000d8d00000, 0x0000000100000000)
  eden space 47616K, 100% used [0x00000000d5580000,0x00000000d8400000,0x00000000d8400000)
  from space 2048K, 96% used [0x00000000d8680000,0x00000000d886eab8,0x00000000d8880000)
  to   space 2560K, 0% used [0x00000000d8400000,0x00000000d8400000,0x00000000d8680000)
 ParOldGen       total 1077760K, used 588505K [0x0000000080000000, 0x00000000c1c80000, 0x00000000d5580000)
  object space 1077760K, 54% used [0x0000000080000000,0x00000000a3eb6458,0x00000000c1c80000)
 Metaspace       used 83446K, committed 85184K, reserved 1179648K
  class space    used 8429K, committed 9216K, reserved 1048576K
}
Event: 3022.978 GC heap after
{Heap after GC invocations=2423 (full 4):
 PSYoungGen      total 48640K, used 2559K [0x00000000d5580000, 0x00000000d9180000, 0x0000000100000000)
  eden space 46080K, 0% used [0x00000000d5580000,0x00000000d5580000,0x00000000d8280000)
  from space 2560K, 99% used [0x00000000d8400000,0x00000000d867fe50,0x00000000d8680000)
  to   space 7680K, 0% used [0x00000000d8a00000,0x00000000d8a00000,0x00000000d9180000)
 ParOldGen       total 1077760K, used 592531K [0x0000000080000000, 0x00000000c1c80000, 0x00000000d5580000)
  object space 1077760K, 54% used [0x0000000080000000,0x00000000a42a4fc8,0x00000000c1c80000)
 Metaspace       used 83446K, committed 85184K, reserved 1179648K
  class space    used 8429K, committed 9216K, reserved 1048576K
}

