# JRE version: OpenJDK Runtime Environment Temurin-21.0.10+7 (21.0.10+7) (build 21.0.10+7-LTS)
# Java VM: OpenJDK 64-Bit Server VM Temurin-21.0.10+7 (21.0.10+7-LTS, mixed mode, sharing, tiered, compressed oops, compressed class ptrs, parallel gc, windows-amd64)
GC Precious Log:
 CardTable entry size: 512
 CPUs: 4 total, 4 available
 Memory: 3979M
 Large Page Support: Disabled
 NUMA Support: Disabled
 Compressed Oops: Enabled (32-bit)
 Alignments: Space 512K, Generation 512K, Heap 2M
 Heap Min Capacity: 100M
 Heap Initial Capacity: 100M
 Heap Max Capacity: 2G
 Pre-touch: Disabled
 Parallel Workers: 4
Heap:
 PSYoungGen      total 58880K, used 28641K [0x00000000d5580000, 0x00000000d9b80000, 0x0000000100000000)
  eden space 55808K, 46% used [0x00000000d5580000,0x00000000d6ed4ef8,0x00000000d8c00000)
  from space 3072K, 87% used [0x00000000d9880000,0x00000000d9b23898,0x00000000d9b80000)
  to   space 4096K, 0% used [0x00000000d9380000,0x00000000d9380000,0x00000000d9780000)
 ParOldGen       total 703488K, used 233682K [0x0000000080000000, 0x00000000aaf00000, 0x00000000d5580000)
  object space 703488K, 33% used [0x0000000080000000,0x000000008e434a90,0x00000000aaf00000)
 Metaspace       used 72594K, committed 74240K, reserved 1179648K
  class space    used 7402K, committed 8128K, reserved 1048576K
GC Heap History (20 events):
Event: 126.894 GC heap before
{Heap before GC invocations=1939 (full 4):
 PSYoungGen      total 77824K, used 76711K [0x00000000d5580000, 0x00000000da880000, 0x0000000100000000)
  eden space 70656K, 100% used [0x00000000d5580000,0x00000000d9a80000,0x00000000d9a80000)
  from space 7168K, 84% used [0x00000000da180000,0x00000000da769e30,0x00000000da880000)
  to   space 7168K, 0% used [0x00000000d9a80000,0x00000000d9a80000,0x00000000da180000)
 ParOldGen       total 703488K, used 213699K [0x0000000080000000, 0x00000000aaf00000, 0x00000000d5580000)
  object space 703488K, 30% used [0x0000000080000000,0x000000008d0b0e18,0x00000000aaf00000)
 Metaspace       used 72593K, committed 74240K, reserved 1179648K
  class space    used 7402K, committed 8128K, reserved 1048576K
}
Event: 127.154 GC heap after
{Heap after GC invocations=1939 (full 4):
 PSYoungGen      total 77824K, used 4485K [0x00000000d5580000, 0x00000000da880000, 0x0000000100000000)
  eden space 70656K, 0% used [0x00000000d5580000,0x00000000d5580000,0x00000000d9a80000)
  from space 7168K, 62% used [0x00000000d9a80000,0x00000000d9ee14d8,0x00000000da180000)
  to   space 7168K, 0% used [0x00000000da180000,0x00000000da180000,0x00000000da880000)
 ParOldGen       total 703488K, used 219156K [0x0000000080000000, 0x00000000aaf00000, 0x00000000d5580000)
  object space 703488K, 31% used [0x0000000080000000,0x000000008d605060,0x00000000aaf00000)
 Metaspace       used 72593K, committed 74240K, reserved 1179648K
  class space    used 7402K, committed 8128K, reserved 1048576K
}
Event: 127.545 GC heap before
{Heap before GC invocations=1940 (full 4):
 PSYoungGen      total 77824K, used 75141K [0x00000000d5580000, 0x00000000da880000, 0x0000000100000000)
  eden space 70656K, 100% used [0x00000000d5580000,0x00000000d9a80000,0x00000000d9a80000)
  from space 7168K, 62% used [0x00000000d9a80000,0x00000000d9ee14d8,0x00000000da180000)
  to   space 7168K, 0% used [0x00000000da180000,0x00000000da180000,0x00000000da880000)
 ParOldGen       total 703488K, used 219156K [0x0000000080000000, 0x00000000aaf00000, 0x00000000d5580000)
  object space 703488K, 31% used [0x0000000080000000,0x000000008d605060,0x00000000aaf00000)
 Metaspace       used 72593K, committed 74240K, reserved 1179648K
  class space    used 7402K, committed 8128K, reserved 1048576K
}
Event: 127.560 GC heap after
{Heap after GC invocations=1940 (full 4):
 PSYoungGen      total 79872K, used 4622K [0x00000000d5580000, 0x00000000db280000, 0x0000000100000000)
  eden space 72704K, 0% used [0x00000000d5580000,0x00000000d5580000,0x00000000d9c80000)
  from space 7168K, 64% used [0x00000000da180000,0x00000000da603978,0x00000000da880000)
  to   space 5120K, 0% used [0x00000000d9c80000,0x00000000d9c80000,0x00000000da180000)
 ParOldGen       total 703488K, used 220544K [0x0000000080000000, 0x00000000aaf00000, 0x00000000d5580000)
  object space 703488K, 31% used [0x0000000080000000,0x000000008d760268,0x00000000aaf00000)
 Metaspace       used 72593K, committed 74240K, reserved 1179648K
  class space    used 7402K, committed 8128K, reserved 1048576K
}
Event: 127.839 GC heap before
{Heap before GC invocations=1941 (full 4):
 PSYoungGen      total 79872K, used 77326K [0x00000000d5580000, 0x00000000db280000, 0x0000000100000000)
  eden space 72704K, 100% used [0x00000000d5580000,0x00000000d9c80000,0x00000000d9c80000)
  from space 7168K, 64% used [0x00000000da180000,0x00000000da603978,0x00000000da880000)
  to   space 5120K, 0% used [0x00000000d9c80000,0x00000000d9c80000,0x00000000da180000)
 ParOldGen       total 703488K, used 220544K [0x0000000080000000, 0x00000000aaf00000, 0x00000000d5580000)
  object space 703488K, 31% used [0x0000000080000000,0x000000008d760268,0x00000000aaf00000)
 Metaspace       used 72593K, committed 74240K, reserved 1179648K
  class space    used 7402K, committed 8128K, reserved 1048576K
}
Event: 127.844 GC heap after
{Heap after GC invocations=1941 (full 4):
 PSYoungGen      total 73216K, used 3036K [0x00000000d5580000, 0x00000000da200000, 0x0000000100000000)
  eden space 70144K, 0% used [0x00000000d5580000,0x00000000d5580000,0x00000000d9a00000)
  from space 3072K, 98% used [0x00000000d9c80000,0x00000000d9f770a8,0x00000000d9f80000)
  to   space 2560K, 0% used [0x00000000d9f80000,0x00000000d9f80000,0x00000000da200000)
 ParOldGen       total 703488K, used 220720K [0x0000000080000000, 0x00000000aaf00000, 0x00000000d5580000)
  object space 703488K, 31% used [0x0000000080000000,0x000000008d78c268,0x00000000aaf00000)
 Metaspace       used 72593K, committed 74240K, reserved 1179648K
  class space    used 7402K, committed 8128K, reserved 1048576K
}
Event: 128.293 GC heap before
{Heap before GC invocations=1942 (full 4):
 PSYoungGen      total 73216K, used 73180K [0x00000000d5580000, 0x00000000da200000, 0x0000000100000000)
  eden space 70144K, 100% used [0x00000000d5580000,0x00000000d9a00000,0x00000000d9a00000)
  from space 3072K, 98% used [0x00000000d9c80000,0x00000000d9f770a8,0x00000000d9f80000)
  to   space 2560K, 0% used [0x00000000d9f80000,0x00000000d9f80000,0x00000000da200000)
 ParOldGen       total 703488K, used 220720K [0x0000000080000000, 0x00000000aaf00000, 0x00000000d5580000)
  object space 703488K, 31% used [0x0000000080000000,0x000000008d78c268,0x00000000aaf00000)
 Metaspace       used 72593K, committed 74240K, reserved 1179648K
  class space    used 7402K, committed 8128K, reserved 1048576K
}
Event: 128.298 GC heap after
{Heap after GC invocations=1942 (full 4):
 PSYoungGen      total 68608K, used 704K [0x00000000d5580000, 0x00000000da080000, 0x0000000100000000)
  eden space 67584K, 0% used [0x00000000d5580000,0x00000000d5580000,0x00000000d9780000)
  from space 1024K, 68% used [0x00000000d9f80000,0x00000000da030000,0x00000000da080000)
  to   space 2048K, 0% used [0x00000000d9c80000,0x00000000d9c80000,0x00000000d9e80000)
 ParOldGen       total 703488K, used 220840K [0x0000000080000000, 0x00000000aaf00000, 0x00000000d5580000)
  object space 703488K, 31% used [0x0000000080000000,0x000000008d7aa268,0x00000000aaf00000)
 Metaspace       used 72593K, committed 74240K, reserved 1179648K
  class space    used 7402K, committed 8128K, reserved 1048576K
}
Event: 128.841 GC heap before
{Heap before GC invocations=1943 (full 4):
 PSYoungGen      total 68608K, used 68288K [0x00000000d5580000, 0x00000000da080000, 0x0000000100000000)
  eden space 67584K, 100% used [0x00000000d5580000,0x00000000d9780000,0x00000000d9780000)
  from space 1024K, 68% used [0x00000000d9f80000,0x00000000da030000,0x00000000da080000)
  to   space 2048K, 0% used [0x00000000d9c80000,0x00000000d9c80000,0x00000000d9e80000)
 ParOldGen       total 703488K, used 220840K [0x0000000080000000, 0x00000000aaf00000, 0x00000000d5580000)
  object space 703488K, 31% used [0x0000000080000000,0x000000008d7aa268,0x00000000aaf00000)
 Metaspace       used 72593K, committed 74240K, reserved 1179648K
  class space    used 7402K, committed 8128K, reserved 1048576K
}
Event: 128.866 GC heap after
{Heap after GC invocations=1943 (full 4):
 PSYoungGen      total 67584K, used 2035K [0x00000000d5580000, 0x00000000da180000, 0x0000000100000000)
  eden space 65536K, 0% used [0x00000000d5580000,0x00000000d5580000,0x00000000d9580000)
  from space 2048K, 99% used [0x00000000d9c80000,0x00000000d9e7ce70,0x00000000d9e80000)
  to   space 3072K, 0% used [0x00000000d9e80000,0x00000000d9e80000,0x00000000da180000)
 ParOldGen       total 703488K, used 223940K [0x0000000080000000, 0x00000000aaf00000, 0x00000000d5580000)
  object space 703488K, 31% used [0x0000000080000000,0x000000008dab1270,0x00000000aaf00000)
 Metaspace       used 72593K, committed 74240K, reserved 1179648K
  class space    used 7402K, committed 8128K, reserved 1048576K
}
Event: 129.400 GC heap before
{Heap before GC invocations=1944 (full 4):
 PSYoungGen      total 67584K, used 67571K [0x00000000d5580000, 0x00000000da180000, 0x0000000100000000)
  eden space 65536K, 100% used [0x00000000d5580000,0x00000000d9580000,0x00000000d9580000)
  from space 2048K, 99% used [0x00000000d9c80000,0x00000000d9e7ce70,0x00000000d9e80000)
  to   space 3072K, 0% used [0x00000000d9e80000,0x00000000d9e80000,0x00000000da180000)
 ParOldGen       total 703488K, used 223940K [0x0000000080000000, 0x00000000aaf00000, 0x00000000d5580000)
  object space 703488K, 31% used [0x0000000080000000,0x000000008dab1270,0x00000000aaf00000)
 Metaspace       used 72593K, committed 74240K, reserved 1179648K
  class space    used 7402K, committed 8128K, reserved 1048576K
}
Event: 129.451 GC heap after
{Heap after GC invocations=1944 (full 4):
 PSYoungGen      total 66560K, used 3063K [0x00000000d5580000, 0x00000000da180000, 0x0000000100000000)
  eden space 63488K, 0% used [0x00000000d5580000,0x00000000d5580000,0x00000000d9380000)
  from space 3072K, 99% used [0x00000000d9e80000,0x00000000da17de00,0x00000000da180000)
  to   space 4608K, 0% used [0x00000000d9880000,0x00000000d9880000,0x00000000d9d00000)
 ParOldGen       total 703488K, used 225074K [0x0000000080000000, 0x00000000aaf00000, 0x00000000d5580000)
  object space 703488K, 31% used [0x0000000080000000,0x000000008dbcca78,0x00000000aaf00000)
 Metaspace       used 72593K, committed 74240K, reserved 1179648K
  class space    used 7402K, committed 8128K, reserved 1048576K
}
Event: 129.750 GC heap before
{Heap before GC invocations=1945 (full 4):
 PSYoungGen      total 66560K, used 66551K [0x00000000d5580000, 0x00000000da180000, 0x0000000100000000)
  eden space 63488K, 100% used [0x00000000d5580000,0x00000000d9380000,0x00000000d9380000)
  from space 3072K, 99% used [0x00000000d9e80000,0x00000000da17de00,0x00000000da180000)
  to   space 4608K, 0% used [0x00000000d9880000,0x00000000d9880000,0x00000000d9d00000)
 ParOldGen       total 703488K, used 225074K [0x0000000080000000, 0x00000000aaf00000, 0x00000000d5580000)
  object space 703488K, 31% used [0x0000000080000000,0x000000008dbcca78,0x00000000aaf00000)
 Metaspace       used 72593K, committed 74240K, reserved 1179648K
  class space    used 7402K, committed 8128K, reserved 1048576K
}
Event: 129.769 GC heap after
{Heap after GC invocations=1945 (full 4):
 PSYoungGen      total 66048K, used 4585K [0x00000000d5580000, 0x00000000d9f80000, 0x0000000100000000)
  eden space 61440K, 0% used [0x00000000d5580000,0x00000000d5580000,0x00000000d9180000)
  from space 4608K, 99% used [0x00000000d9880000,0x00000000d9cfa7a8,0x00000000d9d00000)
  to   space 2560K, 0% used [0x00000000d9d00000,0x00000000d9d00000,0x00000000d9f80000)
 ParOldGen       total 703488K, used 227146K [0x0000000080000000, 0x00000000aaf00000, 0x00000000d5580000)
  object space 703488K, 32% used [0x0000000080000000,0x000000008ddd2a78,0x00000000aaf00000)
 Metaspace       used 72593K, committed 74240K, reserved 1179648K
  class space    used 7402K, committed 8128K, reserved 1048576K
}
Event: 130.103 GC heap before
{Heap before GC invocations=1946 (full 4):
 PSYoungGen      total 66048K, used 66025K [0x00000000d5580000, 0x00000000d9f80000, 0x0000000100000000)
  eden space 61440K, 100% used [0x00000000d5580000,0x00000000d9180000,0x00000000d9180000)
  from space 4608K, 99% used [0x00000000d9880000,0x00000000d9cfa7a8,0x00000000d9d00000)
  to   space 2560K, 0% used [0x00000000d9d00000,0x00000000d9d00000,0x00000000d9f80000)
 ParOldGen       total 703488K, used 227146K [0x0000000080000000, 0x00000000aaf00000, 0x00000000d5580000)
  object space 703488K, 32% used [0x0000000080000000,0x000000008ddd2a78,0x00000000aaf00000)
 Metaspace       used 72594K, committed 74240K, reserved 1179648K
  class space    used 7402K, committed 8128K, reserved 1048576K
}
Event: 130.126 GC heap after
{Heap after GC invocations=1946 (full 4):
 PSYoungGen      total 61952K, used 2534K [0x00000000d5580000, 0x00000000d9f80000, 0x0000000100000000)
  eden space 59392K, 0% used [0x00000000d5580000,0x00000000d5580000,0x00000000d8f80000)
  from space 2560K, 99% used [0x00000000d9d00000,0x00000000d9f79aa8,0x00000000d9f80000)
  to   space 6144K, 0% used [0x00000000d9380000,0x00000000d9380000,0x00000000d9980000)
 ParOldGen       total 703488K, used 230402K [0x0000000080000000, 0x00000000aaf00000, 0x00000000d5580000)
  object space 703488K, 32% used [0x0000000080000000,0x000000008e100a88,0x00000000aaf00000)
 Metaspace       used 72594K, committed 74240K, reserved 1179648K
  class space    used 7402K, committed 8128K, reserved 1048576K
}
Event: 130.339 GC heap before
{Heap before GC invocations=1947 (full 4):
 PSYoungGen      total 61952K, used 61926K [0x00000000d5580000, 0x00000000d9f80000, 0x0000000100000000)
  eden space 59392K, 100% used [0x00000000d5580000,0x00000000d8f80000,0x00000000d8f80000)
  from space 2560K, 99% used [0x00000000d9d00000,0x00000000d9f79aa8,0x00000000d9f80000)
  to   space 6144K, 0% used [0x00000000d9380000,0x00000000d9380000,0x00000000d9980000)
 ParOldGen       total 703488K, used 230402K [0x0000000080000000, 0x00000000aaf00000, 0x00000000d5580000)
  object space 703488K, 32% used [0x0000000080000000,0x000000008e100a88,0x00000000aaf00000)
 Metaspace       used 72594K, committed 74240K, reserved 1179648K
  class space    used 7402K, committed 8128K, reserved 1048576K
}
Event: 130.354 GC heap after
{Heap after GC invocations=1947 (full 4):
 PSYoungGen      total 62464K, used 5039K [0x00000000d5580000, 0x00000000d9d80000, 0x0000000100000000)
  eden space 57344K, 0% used [0x00000000d5580000,0x00000000d5580000,0x00000000d8d80000)
  from space 5120K, 98% used [0x00000000d9380000,0x00000000d986bd70,0x00000000d9880000)
  to   space 5120K, 0% used [0x00000000d9880000,0x00000000d9880000,0x00000000d9d80000)
 ParOldGen       total 703488K, used 231810K [0x0000000080000000, 0x00000000aaf00000, 0x00000000d5580000)
  object space 703488K, 32% used [0x0000000080000000,0x000000008e260a88,0x00000000aaf00000)
 Metaspace       used 72594K, committed 74240K, reserved 1179648K
  class space    used 7402K, committed 8128K, reserved 1048576K
}
Event: 130.568 GC heap before
{Heap before GC invocations=1948 (full 4):
 PSYoungGen      total 62464K, used 62383K [0x00000000d5580000, 0x00000000d9d80000, 0x0000000100000000)
  eden space 57344K, 100% used [0x00000000d5580000,0x00000000d8d80000,0x00000000d8d80000)
  from space 5120K, 98% used [0x00000000d9380000,0x00000000d986bd70,0x00000000d9880000)
  to   space 5120K, 0% used [0x00000000d9880000,0x00000000d9880000,0x00000000d9d80000)
 ParOldGen       total 703488K, used 231810K [0x0000000080000000, 0x00000000aaf00000, 0x00000000d5580000)
  object space 703488K, 32% used [0x0000000080000000,0x000000008e260a88,0x00000000aaf00000)
 Metaspace       used 72594K, committed 74240K, reserved 1179648K
  class space    used 7402K, committed 8128K, reserved 1048576K
}
Event: 130.590 GC heap after
{Heap after GC invocations=1948 (full 4):
 PSYoungGen      total 58880K, used 2702K [0x00000000d5580000, 0x00000000d9b80000, 0x0000000100000000)
  eden space 55808K, 0% used [0x00000000d5580000,0x00000000d5580000,0x00000000d8c00000)
  from space 3072K, 87% used [0x00000000d9880000,0x00000000d9b23898,0x00000000d9b80000)
  to   space 4096K, 0% used [0x00000000d9380000,0x00000000d9380000,0x00000000d9780000)
 ParOldGen       total 703488K, used 233682K [0x0000000080000000, 0x00000000aaf00000, 0x00000000d5580000)
  object space 703488K, 33% used [0x0000000080000000,0x000000008e434a90,0x00000000aaf00000)
 Metaspace       used 72594K, committed 74240K, reserved 1179648K
  class space    used 7402K, committed 8128K, reserved 1048576K
}

