# JRE version: Java(TM) SE Runtime Environment (21.0.10+8) (build 21.0.10+8-LTS-217)
# Java VM: Java HotSpot(TM) 64-Bit Server VM (21.0.10+8-LTS-217, mixed mode, emulated-client, sharing, tiered, compressed oops, compressed class ptrs, g1 gc, windows-amd64)
GC Precious Log:
 CardTable entry size: 512
 Card Set container configuration: InlinePtr #cards 5 size 8 Array Of Cards #cards 12 size 40 Howl #buckets 4 coarsen threshold 1843 Howl Bitmap #cards 512 size 80 coarsen threshold 460 Card regions per heap region 1 cards per card region 2048
 CPUs: 12 total, 12 available
 Memory: 5989M
 Large Page Support: Disabled
 NUMA Support: Disabled
 Compressed Oops: Enabled (32-bit)
 Heap Region Size: 1M
 Heap Min Capacity: 8M
 Heap Initial Capacity: 94M
 Heap Max Capacity: 1498M
 Pre-touch: Disabled
 Parallel Workers: 10
 Concurrent Workers: 3
 Concurrent Refinement Workers: 10
 Periodic GC: Disabled
Heap:
 garbage-first heap   total 68608K, used 35094K [0x00000000a2600000, 0x0000000100000000)
  region size 1024K, 2 young (2048K), 2 survivors (2048K)
 Metaspace       used 72694K, committed 73856K, reserved 1114112K
  class space    used 10342K, committed 10816K, reserved 1048576K
GC Heap History (20 events):
Event: 3.059 GC heap after
{Heap after GC invocations=5 (full 0):
 garbage-first heap   total 68608K, used 18414K [0x00000000a2600000, 0x0000000100000000)
  region size 1024K, 3 young (3072K), 3 survivors (3072K)
 Metaspace       used 26524K, committed 26944K, reserved 1114112K
  class space    used 3727K, committed 3904K, reserved 1048576K
}
Event: 3.661 GC heap before
{Heap before GC invocations=5 (full 0):
 garbage-first heap   total 68608K, used 52206K [0x00000000a2600000, 0x0000000100000000)
  region size 1024K, 36 young (36864K), 3 survivors (3072K)
 Metaspace       used 32008K, committed 32448K, reserved 1114112K
  class space    used 4499K, committed 4672K, reserved 1048576K
}
Event: 3.665 GC heap after
{Heap after GC invocations=6 (full 0):
 garbage-first heap   total 68608K, used 21814K [0x00000000a2600000, 0x0000000100000000)
  region size 1024K, 4 young (4096K), 4 survivors (4096K)
 Metaspace       used 32008K, committed 32448K, reserved 1114112K
  class space    used 4499K, committed 4672K, reserved 1048576K
}
Event: 4.111 GC heap before
{Heap before GC invocations=6 (full 0):
 garbage-first heap   total 68608K, used 43318K [0x00000000a2600000, 0x0000000100000000)
  region size 1024K, 26 young (26624K), 4 survivors (4096K)
 Metaspace       used 35523K, committed 36096K, reserved 1114112K
  class space    used 4982K, committed 5248K, reserved 1048576K
}
Event: 4.115 GC heap after
{Heap after GC invocations=7 (full 0):
 garbage-first heap   total 68608K, used 23325K [0x00000000a2600000, 0x0000000100000000)
  region size 1024K, 2 young (2048K), 2 survivors (2048K)
 Metaspace       used 35523K, committed 36096K, reserved 1114112K
  class space    used 4982K, committed 5248K, reserved 1048576K
}
Event: 5.062 GC heap before
{Heap before GC invocations=8 (full 0):
 garbage-first heap   total 68608K, used 56093K [0x00000000a2600000, 0x0000000100000000)
  region size 1024K, 34 young (34816K), 2 survivors (2048K)
 Metaspace       used 43853K, committed 44480K, reserved 1114112K
  class space    used 6195K, committed 6464K, reserved 1048576K
}
Event: 5.066 GC heap after
{Heap after GC invocations=9 (full 0):
 garbage-first heap   total 68608K, used 25170K [0x00000000a2600000, 0x0000000100000000)
  region size 1024K, 4 young (4096K), 4 survivors (4096K)
 Metaspace       used 43853K, committed 44480K, reserved 1114112K
  class space    used 6195K, committed 6464K, reserved 1048576K
}
Event: 5.612 GC heap before
{Heap before GC invocations=9 (full 0):
 garbage-first heap   total 68608K, used 56914K [0x00000000a2600000, 0x0000000100000000)
  region size 1024K, 35 young (35840K), 4 survivors (4096K)
 Metaspace       used 50589K, committed 51200K, reserved 1114112K
  class space    used 7098K, committed 7360K, reserved 1048576K
}
Event: 5.616 GC heap after
{Heap after GC invocations=10 (full 0):
 garbage-first heap   total 68608K, used 26538K [0x00000000a2600000, 0x0000000100000000)
  region size 1024K, 4 young (4096K), 4 survivors (4096K)
 Metaspace       used 50589K, committed 51200K, reserved 1114112K
  class space    used 7098K, committed 7360K, reserved 1048576K
}
Event: 6.218 GC heap before
{Heap before GC invocations=10 (full 0):
 garbage-first heap   total 68608K, used 59306K [0x00000000a2600000, 0x0000000100000000)
  region size 1024K, 36 young (36864K), 4 survivors (4096K)
 Metaspace       used 58346K, committed 59008K, reserved 1114112K
  class space    used 8383K, committed 8640K, reserved 1048576K
}
Event: 6.221 GC heap after
{Heap after GC invocations=11 (full 0):
 garbage-first heap   total 68608K, used 27753K [0x00000000a2600000, 0x0000000100000000)
  region size 1024K, 3 young (3072K), 3 survivors (3072K)
 Metaspace       used 58346K, committed 59008K, reserved 1114112K
  class space    used 8383K, committed 8640K, reserved 1048576K
}
Event: 6.498 GC heap before
{Heap before GC invocations=11 (full 0):
 garbage-first heap   total 68608K, used 35945K [0x00000000a2600000, 0x0000000100000000)
  region size 1024K, 12 young (12288K), 3 survivors (3072K)
 Metaspace       used 59671K, committed 60288K, reserved 1114112K
  class space    used 8566K, committed 8832K, reserved 1048576K
}
Event: 6.502 GC heap after
{Heap after GC invocations=12 (full 0):
 garbage-first heap   total 68608K, used 28668K [0x00000000a2600000, 0x0000000100000000)
  region size 1024K, 3 young (3072K), 3 survivors (3072K)
 Metaspace       used 59671K, committed 60288K, reserved 1114112K
  class space    used 8566K, committed 8832K, reserved 1048576K
}
Event: 7.165 GC heap before
{Heap before GC invocations=13 (full 0):
 garbage-first heap   total 68608K, used 60412K [0x00000000a2600000, 0x0000000100000000)
  region size 1024K, 34 young (34816K), 3 survivors (3072K)
 Metaspace       used 66649K, committed 67328K, reserved 1114112K
  class space    used 9569K, committed 9856K, reserved 1048576K
}
Event: 7.170 GC heap after
{Heap after GC invocations=14 (full 0):
 garbage-first heap   total 68608K, used 31411K [0x00000000a2600000, 0x0000000100000000)
  region size 1024K, 5 young (5120K), 5 survivors (5120K)
 Metaspace       used 66649K, committed 67328K, reserved 1114112K
  class space    used 9569K, committed 9856K, reserved 1048576K
}
Event: 7.682 GC heap before
{Heap before GC invocations=14 (full 0):
 garbage-first heap   total 68608K, used 59059K [0x00000000a2600000, 0x0000000100000000)
  region size 1024K, 32 young (32768K), 5 survivors (5120K)
 Metaspace       used 71011K, committed 71808K, reserved 1114112K
  class space    used 10124K, committed 10496K, reserved 1048576K
}
Event: 7.687 GC heap after
{Heap after GC invocations=15 (full 0):
 garbage-first heap   total 68608K, used 33697K [0x00000000a2600000, 0x0000000100000000)
  region size 1024K, 3 young (3072K), 3 survivors (3072K)
 Metaspace       used 71011K, committed 71808K, reserved 1114112K
  class space    used 10124K, committed 10496K, reserved 1048576K
}
Event: 173.103 GC heap before
{Heap before GC invocations=15 (full 0):
 garbage-first heap   total 68608K, used 60321K [0x00000000a2600000, 0x0000000100000000)
  region size 1024K, 29 young (29696K), 3 survivors (3072K)
 Metaspace       used 72963K, committed 73856K, reserved 1114112K
  class space    used 10412K, committed 10816K, reserved 1048576K
}
Event: 173.169 GC heap after
{Heap after GC invocations=16 (full 0):
 garbage-first heap   total 68608K, used 35280K [0x00000000a2600000, 0x0000000100000000)
  region size 1024K, 2 young (2048K), 2 survivors (2048K)
 Metaspace       used 72963K, committed 73856K, reserved 1114112K
  class space    used 10412K, committed 10816K, reserved 1048576K
}
Event: 452.286 GC heap before
{Heap before GC invocations=17 (full 0):
 garbage-first heap   total 68608K, used 61904K [0x00000000a2600000, 0x0000000100000000)
  region size 1024K, 28 young (28672K), 2 survivors (2048K)
 Metaspace       used 72694K, committed 73856K, reserved 1114112K
  class space    used 10342K, committed 10816K, reserved 1048576K
}

